<?xml version="1.0" encoding="UTF-8"?>
<testsuite name="test" tests="1" skipped="0" failures="0" errors="0" timestamp="2021-12-28T03:43:11" hostname="lxj" time="0.163">
  <properties/>
  <testcase name="t()" classname="test" time="0.163"/>
  <system-out><![CDATA[11:43:08.301 [Test worker] DEBUG org.springframework.test.context.BootstrapUtils - Instantiating CacheAwareContextLoaderDelegate from class [org.springframework.test.context.cache.DefaultCacheAwareContextLoaderDelegate]
11:43:08.312 [Test worker] DEBUG org.springframework.test.context.BootstrapUtils - Instantiating BootstrapContext using constructor [public org.springframework.test.context.support.DefaultBootstrapContext(java.lang.Class,org.springframework.test.context.CacheAwareContextLoaderDelegate)]
11:43:08.336 [Test worker] DEBUG org.springframework.test.context.BootstrapUtils - Instantiating TestContextBootstrapper for test class [test] from class [org.springframework.boot.test.context.SpringBootTestContextBootstrapper]
11:43:08.351 [Test worker] INFO org.springframework.boot.test.context.SpringBootTestContextBootstrapper - Neither @ContextConfiguration nor @ContextHierarchy found for test class [test], using SpringBootContextLoader
11:43:08.354 [Test worker] DEBUG org.springframework.test.context.support.AbstractContextLoader - Did not detect default resource location for test class [test]: class path resource [test-context.xml] does not exist
11:43:08.355 [Test worker] DEBUG org.springframework.test.context.support.AbstractContextLoader - Did not detect default resource location for test class [test]: class path resource [testContext.groovy] does not exist
11:43:08.355 [Test worker] INFO org.springframework.test.context.support.AbstractContextLoader - Could not detect default resource locations for test class [test]: no resource found for suffixes {-context.xml, Context.groovy}.
11:43:08.393 [Test worker] DEBUG org.springframework.test.context.support.ActiveProfilesUtils - Could not find an 'annotation declaring class' for annotation type [org.springframework.test.context.ActiveProfiles] and class [test]
11:43:08.498 [Test worker] DEBUG org.springframework.boot.test.context.SpringBootTestContextBootstrapper - @TestExecutionListeners is not present for class [test]: using defaults.
11:43:08.498 [Test worker] INFO org.springframework.boot.test.context.SpringBootTestContextBootstrapper - Loaded default TestExecutionListener class names from location [META-INF/spring.factories]: [org.springframework.boot.test.autoconfigure.restdocs.RestDocsTestExecutionListener, org.springframework.boot.test.autoconfigure.web.client.MockRestServiceServerResetTestExecutionListener, org.springframework.boot.test.autoconfigure.web.servlet.MockMvcPrintOnlyOnFailureTestExecutionListener, org.springframework.boot.test.autoconfigure.web.servlet.WebDriverTestExecutionListener, org.springframework.boot.test.autoconfigure.webservices.client.MockWebServiceServerTestExecutionListener, org.springframework.boot.test.mock.mockito.MockitoTestExecutionListener, org.springframework.boot.test.mock.mockito.ResetMocksTestExecutionListener, org.springframework.test.context.web.ServletTestExecutionListener, org.springframework.test.context.support.DirtiesContextBeforeModesTestExecutionListener, org.springframework.test.context.support.DependencyInjectionTestExecutionListener, org.springframework.test.context.support.DirtiesContextTestExecutionListener, org.springframework.test.context.transaction.TransactionalTestExecutionListener, org.springframework.test.context.jdbc.SqlScriptsTestExecutionListener, org.springframework.test.context.event.EventPublishingTestExecutionListener]
11:43:08.514 [Test worker] INFO org.springframework.boot.test.context.SpringBootTestContextBootstrapper - Using TestExecutionListeners: [org.springframework.test.context.web.ServletTestExecutionListener@8216138, org.springframework.test.context.support.DirtiesContextBeforeModesTestExecutionListener@7654ae2, org.springframework.boot.test.mock.mockito.MockitoTestExecutionListener@3d229c91, org.springframework.boot.test.autoconfigure.SpringBootDependencyInjectionTestExecutionListener@20ca7796, org.springframework.test.context.support.DirtiesContextTestExecutionListener@2361ea16, org.springframework.test.context.transaction.TransactionalTestExecutionListener@e7e86c2, org.springframework.test.context.jdbc.SqlScriptsTestExecutionListener@27115588, org.springframework.test.context.event.EventPublishingTestExecutionListener@5494f03b, org.springframework.boot.test.autoconfigure.restdocs.RestDocsTestExecutionListener@788991e5, org.springframework.boot.test.autoconfigure.web.client.MockRestServiceServerResetTestExecutionListener@23b40a0, org.springframework.boot.test.autoconfigure.web.servlet.MockMvcPrintOnlyOnFailureTestExecutionListener@2fabf87a, org.springframework.boot.test.autoconfigure.web.servlet.WebDriverTestExecutionListener@5c4dd09c, org.springframework.boot.test.autoconfigure.webservices.client.MockWebServiceServerTestExecutionListener@687f6449, org.springframework.boot.test.mock.mockito.ResetMocksTestExecutionListener@301917a6]
11:43:08.517 [Test worker] DEBUG org.springframework.test.context.support.AbstractDirtiesContextTestExecutionListener - Before test class: context [DefaultTestContext@12828e49 testClass = test, testInstance = [null], testMethod = [null], testException = [null], mergedContextConfiguration = [WebMergedContextConfiguration@75cb53b4 testClass = test, locations = '{}', classes = '{class sun.com.didi.Application, class sun.com.didi.Application}', contextInitializerClasses = '[]', activeProfiles = '{}', propertySourceLocations = '{}', propertySourceProperties = '{org.springframework.boot.test.context.SpringBootTestContextBootstrapper=true}', contextCustomizers = set[org.springframework.boot.test.autoconfigure.properties.PropertyMappingContextCustomizer@0, org.springframework.boot.test.autoconfigure.web.servlet.WebDriverContextCustomizerFactory$Customizer@519df9df, org.springframework.boot.test.context.filter.ExcludeFilterContextCustomizer@43cb65f9, org.springframework.boot.test.json.DuplicateJsonObjectContextCustomizerFactory$DuplicateJsonObjectContextCustomizer@62b1e76c, org.springframework.boot.test.mock.mockito.MockitoContextCustomizer@0, org.springframework.boot.test.web.client.TestRestTemplateContextCustomizer@74ffcd0, org.springframework.boot.test.context.SpringBootTestArgs@1], resourceBasePath = 'src/main/webapp', contextLoader = 'org.springframework.boot.test.context.SpringBootContextLoader', parent = [null]], attributes = map['org.springframework.test.context.web.ServletTestExecutionListener.activateListener' -> true]], class annotated with @DirtiesContext [false] with mode [null].
11:43:08.541 [Test worker] DEBUG org.springframework.test.context.support.TestPropertySourceUtils - Adding inlined properties to environment: {spring.jmx.enabled=false, org.springframework.boot.test.context.SpringBootTestContextBootstrapper=true}

  .   ____          _            __ _ _
 /\\ / ___'_ __ _ _(_)_ __  __ _ \ \ \ \
( ( )\___ | '_ | '_| | '_ \/ _` | \ \ \ \
 \\/  ___)| |_)| | | | | || (_| |  ) ) ) )
  '  |____| .__|_| |_|_| |_\__, | / / / /
 =========|_|==============|___/=/_/_/_/
 :: Spring Boot ::        (v2.3.1.RELEASE)

2021-12-28 11:43:08.804  INFO 18478 --- [    Test worker] test                                     : Starting test on lxj with PID 18478 (started by lxj in /home/lxj/文档/项目/didi/didi-new)
2021-12-28 11:43:08.805  INFO 18478 --- [    Test worker] test                                     : No active profile set, falling back to default profiles: default
2021-12-28 11:43:09.422  INFO 18478 --- [    Test worker] .s.d.r.c.RepositoryConfigurationDelegate : Multiple Spring Data modules found, entering strict repository configuration mode!
2021-12-28 11:43:09.424  INFO 18478 --- [    Test worker] .s.d.r.c.RepositoryConfigurationDelegate : Bootstrapping Spring Data Redis repositories in DEFAULT mode.
2021-12-28 11:43:09.463  INFO 18478 --- [    Test worker] .s.d.r.c.RepositoryConfigurationDelegate : Finished Spring Data repository scanning in 19ms. Found 0 Redis repository interfaces.
2021-12-28 11:43:10.260  INFO 18478 --- [    Test worker] com.zaxxer.hikari.HikariDataSource       : HikariPool-1 - Starting...
2021-12-28 11:43:10.627  INFO 18478 --- [    Test worker] com.zaxxer.hikari.HikariDataSource       : HikariPool-1 - Start completed.
sds
222
dddd
222k
天津盛和集团有限公司
20000
京东
搬砖
山东贺平制药
30
天津DIDI打车
1233
山西
444
2021-12-28 11:43:11.297  INFO 18478 --- [    Test worker] o.s.b.a.w.s.WelcomePageHandlerMapping    : Adding welcome page template: index
2021-12-28 11:43:11.921  INFO 18478 --- [    Test worker] test                                     : Started test in 3.373 seconds (JVM running for 4.294)
[天津盛和集团有限公司, 天津DIDI打车]
]]></system-out>
  <system-err><![CDATA[]]></system-err>
</testsuite>
