<?xml version="1.0" encoding="UTF-8"?>
<testsuite name="test" tests="1" skipped="0" failures="0" errors="0" timestamp="2021-11-21T14:13:11" hostname="lwy-NH50-70RA" time="0.423">
  <properties/>
  <testcase name="t()" classname="test" time="0.423"/>
  <system-out><![CDATA[22:13:06.512 [Test worker] DEBUG org.springframework.test.context.BootstrapUtils - Instantiating CacheAwareContextLoaderDelegate from class [org.springframework.test.context.cache.DefaultCacheAwareContextLoaderDelegate]
22:13:06.526 [Test worker] DEBUG org.springframework.test.context.BootstrapUtils - Instantiating BootstrapContext using constructor [public org.springframework.test.context.support.DefaultBootstrapContext(java.lang.Class,org.springframework.test.context.CacheAwareContextLoaderDelegate)]
22:13:06.550 [Test worker] DEBUG org.springframework.test.context.BootstrapUtils - Instantiating TestContextBootstrapper for test class [test] from class [org.springframework.boot.test.context.SpringBootTestContextBootstrapper]
22:13:06.573 [Test worker] INFO org.springframework.boot.test.context.SpringBootTestContextBootstrapper - Neither @ContextConfiguration nor @ContextHierarchy found for test class [test], using SpringBootContextLoader
22:13:06.575 [Test worker] DEBUG org.springframework.test.context.support.AbstractContextLoader - Did not detect default resource location for test class [test]: class path resource [test-context.xml] does not exist
22:13:06.576 [Test worker] DEBUG org.springframework.test.context.support.AbstractContextLoader - Did not detect default resource location for test class [test]: class path resource [testContext.groovy] does not exist
22:13:06.576 [Test worker] INFO org.springframework.test.context.support.AbstractContextLoader - Could not detect default resource locations for test class [test]: no resource found for suffixes {-context.xml, Context.groovy}.
22:13:06.610 [Test worker] DEBUG org.springframework.test.context.support.ActiveProfilesUtils - Could not find an 'annotation declaring class' for annotation type [org.springframework.test.context.ActiveProfiles] and class [test]
22:13:06.722 [Test worker] DEBUG org.springframework.boot.test.context.SpringBootTestContextBootstrapper - @TestExecutionListeners is not present for class [test]: using defaults.
22:13:06.723 [Test worker] INFO org.springframework.boot.test.context.SpringBootTestContextBootstrapper - Loaded default TestExecutionListener class names from location [META-INF/spring.factories]: [org.springframework.boot.test.autoconfigure.restdocs.RestDocsTestExecutionListener, org.springframework.boot.test.autoconfigure.web.client.MockRestServiceServerResetTestExecutionListener, org.springframework.boot.test.autoconfigure.web.servlet.MockMvcPrintOnlyOnFailureTestExecutionListener, org.springframework.boot.test.autoconfigure.web.servlet.WebDriverTestExecutionListener, org.springframework.boot.test.autoconfigure.webservices.client.MockWebServiceServerTestExecutionListener, org.springframework.boot.test.mock.mockito.MockitoTestExecutionListener, org.springframework.boot.test.mock.mockito.ResetMocksTestExecutionListener, org.springframework.test.context.web.ServletTestExecutionListener, org.springframework.test.context.support.DirtiesContextBeforeModesTestExecutionListener, org.springframework.test.context.support.DependencyInjectionTestExecutionListener, org.springframework.test.context.support.DirtiesContextTestExecutionListener, org.springframework.test.context.transaction.TransactionalTestExecutionListener, org.springframework.test.context.jdbc.SqlScriptsTestExecutionListener, org.springframework.test.context.event.EventPublishingTestExecutionListener]
22:13:06.735 [Test worker] INFO org.springframework.boot.test.context.SpringBootTestContextBootstrapper - Using TestExecutionListeners: [org.springframework.test.context.web.ServletTestExecutionListener@23cdb1ca, org.springframework.test.context.support.DirtiesContextBeforeModesTestExecutionListener@5f81958d, org.springframework.boot.test.mock.mockito.MockitoTestExecutionListener@595270c5, org.springframework.boot.test.autoconfigure.SpringBootDependencyInjectionTestExecutionListener@110e2fe4, org.springframework.test.context.support.DirtiesContextTestExecutionListener@5f839fee, org.springframework.test.context.transaction.TransactionalTestExecutionListener@c7d446e, org.springframework.test.context.jdbc.SqlScriptsTestExecutionListener@4663d97c, org.springframework.test.context.event.EventPublishingTestExecutionListener@26f2af5b, org.springframework.boot.test.autoconfigure.restdocs.RestDocsTestExecutionListener@65cd2884, org.springframework.boot.test.autoconfigure.web.client.MockRestServiceServerResetTestExecutionListener@3f55e67, org.springframework.boot.test.autoconfigure.web.servlet.MockMvcPrintOnlyOnFailureTestExecutionListener@5b05df5c, org.springframework.boot.test.autoconfigure.web.servlet.WebDriverTestExecutionListener@68be3b10, org.springframework.boot.test.autoconfigure.webservices.client.MockWebServiceServerTestExecutionListener@64bba78b, org.springframework.boot.test.mock.mockito.ResetMocksTestExecutionListener@4d94cb1d]
22:13:06.739 [Test worker] DEBUG org.springframework.test.context.support.AbstractDirtiesContextTestExecutionListener - Before test class: context [DefaultTestContext@61dca7de testClass = test, testInstance = [null], testMethod = [null], testException = [null], mergedContextConfiguration = [WebMergedContextConfiguration@6abfa1b4 testClass = test, locations = '{}', classes = '{class sun.com.didi.Application, class sun.com.didi.Application}', contextInitializerClasses = '[]', activeProfiles = '{}', propertySourceLocations = '{}', propertySourceProperties = '{org.springframework.boot.test.context.SpringBootTestContextBootstrapper=true}', contextCustomizers = set[org.springframework.boot.test.autoconfigure.properties.PropertyMappingContextCustomizer@0, org.springframework.boot.test.autoconfigure.web.servlet.WebDriverContextCustomizerFactory$Customizer@412a6255, org.springframework.boot.test.context.filter.ExcludeFilterContextCustomizer@22dbe620, org.springframework.boot.test.json.DuplicateJsonObjectContextCustomizerFactory$DuplicateJsonObjectContextCustomizer@37ab86c3, org.springframework.boot.test.mock.mockito.MockitoContextCustomizer@0, org.springframework.boot.test.web.client.TestRestTemplateContextCustomizer@405d9ba4, org.springframework.boot.test.context.SpringBootTestArgs@1], resourceBasePath = 'src/main/webapp', contextLoader = 'org.springframework.boot.test.context.SpringBootContextLoader', parent = [null]], attributes = map['org.springframework.test.context.web.ServletTestExecutionListener.activateListener' -> true]], class annotated with @DirtiesContext [false] with mode [null].
22:13:06.768 [Test worker] DEBUG org.springframework.test.context.support.TestPropertySourceUtils - Adding inlined properties to environment: {spring.jmx.enabled=false, org.springframework.boot.test.context.SpringBootTestContextBootstrapper=true}

  .   ____          _            __ _ _
 /\\ / ___'_ __ _ _(_)_ __  __ _ \ \ \ \
( ( )\___ | '_ | '_| | '_ \/ _` | \ \ \ \
 \\/  ___)| |_)| | | | | || (_| |  ) ) ) )
  '  |____| .__|_| |_|_| |_\__, | / / / /
 =========|_|==============|___/=/_/_/_/
 :: Spring Boot ::        (v2.3.1.RELEASE)

2021-11-21 22:13:07.088  INFO 66470 --- [    Test worker] test                                     : Starting test on lwy-NH50-70RA with PID 66470 (started by lwy in /home/lwy/下载/aaa/didi-new)
2021-11-21 22:13:07.091  INFO 66470 --- [    Test worker] test                                     : No active profile set, falling back to default profiles: default
2021-11-21 22:13:07.824  INFO 66470 --- [    Test worker] .s.d.r.c.RepositoryConfigurationDelegate : Multiple Spring Data modules found, entering strict repository configuration mode!
2021-11-21 22:13:07.829  INFO 66470 --- [    Test worker] .s.d.r.c.RepositoryConfigurationDelegate : Bootstrapping Spring Data Redis repositories in DEFAULT mode.
2021-11-21 22:13:07.859  INFO 66470 --- [    Test worker] .s.d.r.c.RepositoryConfigurationDelegate : Finished Spring Data repository scanning in 17ms. Found 0 Redis repository interfaces.
2021-11-21 22:13:09.027  INFO 66470 --- [    Test worker] com.zaxxer.hikari.HikariDataSource       : HikariPool-1 - Starting...
2021-11-21 22:13:09.526  INFO 66470 --- [    Test worker] com.zaxxer.hikari.HikariDataSource       : HikariPool-1 - Start completed.
天津顶园食品有限公司
3000
男女不限，18-49周岁，初中以上，识字、需要较强的吃苦耐劳和抗压能力，能够接受夜班工作，身体健康无传染疾病，服从管理。
长工（一年至五年以下，年结）
服务员
天津娃娃哈有限公司
5000
负责接待顾客、销售商品、核对账目等工作转正后综合工资7000-10000不等
长工（一年至五年以下，年结）
理货员
加载扩展词典：ext.dic
加载扩展停止词典：stopword.dic
2021-11-21 22:13:10.673  INFO 66470 --- [    Test worker] o.s.b.a.w.s.WelcomePageHandlerMapping    : Adding welcome page template: index
2021-11-21 22:13:11.372  INFO 66470 --- [    Test worker] test                                     : Started test in 4.597 seconds (JVM running for 5.535)
查询结果总数量：2 hits
天津顶园食品有限公司
30
3000
服务员
长工（一年至五年以下，年结）
男女不限，18-49周岁，初中以上，识字、需要较强的吃苦耐劳和抗压能力，能够接受夜班工作，身体健康无传染疾病，服从管理。
天津顶园食品有限公司
30
3000
服务员
长工（一年至五年以下，年结）
男女不限，18-49周岁，初中以上，识字、需要较强的吃苦耐劳和抗压能力，能够接受夜班工作，身体健康无传染疾病，服从管理。
]]></system-out>
  <system-err><![CDATA[]]></system-err>
</testsuite>
