<?xml version="1.0" encoding="UTF-8"?>
<testsuite name="test" tests="1" skipped="0" failures="0" errors="0" timestamp="2022-01-11T09:47:11" hostname="lxj" time="0.325">
  <properties/>
  <testcase name="t()" classname="test" time="0.325"/>
  <system-out><![CDATA[17:47:06.357 [Test worker] DEBUG org.springframework.test.context.BootstrapUtils - Instantiating CacheAwareContextLoaderDelegate from class [org.springframework.test.context.cache.DefaultCacheAwareContextLoaderDelegate]
17:47:06.369 [Test worker] DEBUG org.springframework.test.context.BootstrapUtils - Instantiating BootstrapContext using constructor [public org.springframework.test.context.support.DefaultBootstrapContext(java.lang.Class,org.springframework.test.context.CacheAwareContextLoaderDelegate)]
17:47:06.396 [Test worker] DEBUG org.springframework.test.context.BootstrapUtils - Instantiating TestContextBootstrapper for test class [test] from class [org.springframework.boot.test.context.SpringBootTestContextBootstrapper]
17:47:06.406 [Test worker] INFO org.springframework.boot.test.context.SpringBootTestContextBootstrapper - Neither @ContextConfiguration nor @ContextHierarchy found for test class [test], using SpringBootContextLoader
17:47:06.409 [Test worker] DEBUG org.springframework.test.context.support.AbstractContextLoader - Did not detect default resource location for test class [test]: class path resource [test-context.xml] does not exist
17:47:06.409 [Test worker] DEBUG org.springframework.test.context.support.AbstractContextLoader - Did not detect default resource location for test class [test]: class path resource [testContext.groovy] does not exist
17:47:06.409 [Test worker] INFO org.springframework.test.context.support.AbstractContextLoader - Could not detect default resource locations for test class [test]: no resource found for suffixes {-context.xml, Context.groovy}.
17:47:06.451 [Test worker] DEBUG org.springframework.test.context.support.ActiveProfilesUtils - Could not find an 'annotation declaring class' for annotation type [org.springframework.test.context.ActiveProfiles] and class [test]
17:47:06.577 [Test worker] DEBUG org.springframework.boot.test.context.SpringBootTestContextBootstrapper - @TestExecutionListeners is not present for class [test]: using defaults.
17:47:06.578 [Test worker] INFO org.springframework.boot.test.context.SpringBootTestContextBootstrapper - Loaded default TestExecutionListener class names from location [META-INF/spring.factories]: [org.springframework.boot.test.autoconfigure.restdocs.RestDocsTestExecutionListener, org.springframework.boot.test.autoconfigure.web.client.MockRestServiceServerResetTestExecutionListener, org.springframework.boot.test.autoconfigure.web.servlet.MockMvcPrintOnlyOnFailureTestExecutionListener, org.springframework.boot.test.autoconfigure.web.servlet.WebDriverTestExecutionListener, org.springframework.boot.test.autoconfigure.webservices.client.MockWebServiceServerTestExecutionListener, org.springframework.boot.test.mock.mockito.MockitoTestExecutionListener, org.springframework.boot.test.mock.mockito.ResetMocksTestExecutionListener, org.springframework.test.context.web.ServletTestExecutionListener, org.springframework.test.context.support.DirtiesContextBeforeModesTestExecutionListener, org.springframework.test.context.support.DependencyInjectionTestExecutionListener, org.springframework.test.context.support.DirtiesContextTestExecutionListener, org.springframework.test.context.transaction.TransactionalTestExecutionListener, org.springframework.test.context.jdbc.SqlScriptsTestExecutionListener, org.springframework.test.context.event.EventPublishingTestExecutionListener]
17:47:06.589 [Test worker] INFO org.springframework.boot.test.context.SpringBootTestContextBootstrapper - Using TestExecutionListeners: [org.springframework.test.context.web.ServletTestExecutionListener@7ed16aa0, org.springframework.test.context.support.DirtiesContextBeforeModesTestExecutionListener@6022a5b2, org.springframework.boot.test.mock.mockito.MockitoTestExecutionListener@248acd01, org.springframework.boot.test.autoconfigure.SpringBootDependencyInjectionTestExecutionListener@679f6b91, org.springframework.test.context.support.DirtiesContextTestExecutionListener@12ee89a8, org.springframework.test.context.transaction.TransactionalTestExecutionListener@6794a172, org.springframework.test.context.jdbc.SqlScriptsTestExecutionListener@15849a44, org.springframework.test.context.event.EventPublishingTestExecutionListener@9dbb886, org.springframework.boot.test.autoconfigure.restdocs.RestDocsTestExecutionListener@6f9ec3dc, org.springframework.boot.test.autoconfigure.web.client.MockRestServiceServerResetTestExecutionListener@2d43606c, org.springframework.boot.test.autoconfigure.web.servlet.MockMvcPrintOnlyOnFailureTestExecutionListener@1c24893a, org.springframework.boot.test.autoconfigure.web.servlet.WebDriverTestExecutionListener@486f1db0, org.springframework.boot.test.autoconfigure.webservices.client.MockWebServiceServerTestExecutionListener@5176b742, org.springframework.boot.test.mock.mockito.ResetMocksTestExecutionListener@6700ed00]
17:47:06.592 [Test worker] DEBUG org.springframework.test.context.support.AbstractDirtiesContextTestExecutionListener - Before test class: context [DefaultTestContext@41613588 testClass = test, testInstance = [null], testMethod = [null], testException = [null], mergedContextConfiguration = [WebMergedContextConfiguration@44323eb testClass = test, locations = '{}', classes = '{class sun.com.didi.Application, class sun.com.didi.Application}', contextInitializerClasses = '[]', activeProfiles = '{}', propertySourceLocations = '{}', propertySourceProperties = '{org.springframework.boot.test.context.SpringBootTestContextBootstrapper=true}', contextCustomizers = set[org.springframework.boot.test.autoconfigure.properties.PropertyMappingContextCustomizer@0, org.springframework.boot.test.autoconfigure.web.servlet.WebDriverContextCustomizerFactory$Customizer@5fbbafe8, org.springframework.boot.test.context.filter.ExcludeFilterContextCustomizer@5b28933f, org.springframework.boot.test.json.DuplicateJsonObjectContextCustomizerFactory$DuplicateJsonObjectContextCustomizer@6cddf430, org.springframework.boot.test.mock.mockito.MockitoContextCustomizer@0, org.springframework.boot.test.web.client.TestRestTemplateContextCustomizer@7f6fb7d3, org.springframework.boot.test.context.SpringBootTestArgs@1], resourceBasePath = 'src/main/webapp', contextLoader = 'org.springframework.boot.test.context.SpringBootContextLoader', parent = [null]], attributes = map['org.springframework.test.context.web.ServletTestExecutionListener.activateListener' -> true]], class annotated with @DirtiesContext [false] with mode [null].
17:47:06.617 [Test worker] DEBUG org.springframework.test.context.support.TestPropertySourceUtils - Adding inlined properties to environment: {spring.jmx.enabled=false, org.springframework.boot.test.context.SpringBootTestContextBootstrapper=true}

  .   ____          _            __ _ _
 /\\ / ___'_ __ _ _(_)_ __  __ _ \ \ \ \
( ( )\___ | '_ | '_| | '_ \/ _` | \ \ \ \
 \\/  ___)| |_)| | | | | || (_| |  ) ) ) )
  '  |____| .__|_| |_|_| |_\__, | / / / /
 =========|_|==============|___/=/_/_/_/
 :: Spring Boot ::        (v2.3.1.RELEASE)

2022-01-11 17:47:06.918  INFO 159615 --- [    Test worker] test                                     : Starting test on lxj with PID 159615 (started by lxj in /home/lxj/文档/项目/didi/didi-new)
2022-01-11 17:47:06.919  INFO 159615 --- [    Test worker] test                                     : No active profile set, falling back to default profiles: default
2022-01-11 17:47:07.603  INFO 159615 --- [    Test worker] .s.d.r.c.RepositoryConfigurationDelegate : Multiple Spring Data modules found, entering strict repository configuration mode!
2022-01-11 17:47:07.606  INFO 159615 --- [    Test worker] .s.d.r.c.RepositoryConfigurationDelegate : Bootstrapping Spring Data Redis repositories in DEFAULT mode.
2022-01-11 17:47:07.647  INFO 159615 --- [    Test worker] .s.d.r.c.RepositoryConfigurationDelegate : Finished Spring Data repository scanning in 24ms. Found 0 Redis repository interfaces.
2022-01-11 17:47:09.011  INFO 159615 --- [    Test worker] com.zaxxer.hikari.HikariDataSource       : HikariPool-1 - Starting...
2022-01-11 17:47:09.449  INFO 159615 --- [    Test worker] com.zaxxer.hikari.HikariDataSource       : HikariPool-1 - Start completed.
江西制药
222
河北钢铁
222k
天津盛和集团有限公司
20000
京东
搬砖
山东贺平制药
30
天津DIDI打车
1233
腾讯
444
天津xxx
777
天津yyyy
对方是否都是
天津人寿
2000
2022-01-11 17:47:10.279  INFO 159615 --- [    Test worker] o.s.b.a.w.s.WelcomePageHandlerMapping    : Adding welcome page template: index
2022-01-11 17:47:11.051  INFO 159615 --- [    Test worker] test                                     : Started test in 4.427 seconds (JVM running for 5.393)
京东
null
京东
百度
]]></system-out>
  <system-err><![CDATA[]]></system-err>
</testsuite>
