<?xml version="1.0" encoding="UTF-8"?>
<testsuite name="test" tests="1" skipped="0" failures="0" errors="0" timestamp="2022-01-07T02:22:39" hostname="lxj" time="0.245">
  <properties/>
  <testcase name="t()" classname="test" time="0.245"/>
  <system-out><![CDATA[10:22:35.990 [Test worker] DEBUG org.springframework.test.context.BootstrapUtils - Instantiating CacheAwareContextLoaderDelegate from class [org.springframework.test.context.cache.DefaultCacheAwareContextLoaderDelegate]
10:22:36.002 [Test worker] DEBUG org.springframework.test.context.BootstrapUtils - Instantiating BootstrapContext using constructor [public org.springframework.test.context.support.DefaultBootstrapContext(java.lang.Class,org.springframework.test.context.CacheAwareContextLoaderDelegate)]
10:22:36.030 [Test worker] DEBUG org.springframework.test.context.BootstrapUtils - Instantiating TestContextBootstrapper for test class [test] from class [org.springframework.boot.test.context.SpringBootTestContextBootstrapper]
10:22:36.046 [Test worker] INFO org.springframework.boot.test.context.SpringBootTestContextBootstrapper - Neither @ContextConfiguration nor @ContextHierarchy found for test class [test], using SpringBootContextLoader
10:22:36.049 [Test worker] DEBUG org.springframework.test.context.support.AbstractContextLoader - Did not detect default resource location for test class [test]: class path resource [test-context.xml] does not exist
10:22:36.050 [Test worker] DEBUG org.springframework.test.context.support.AbstractContextLoader - Did not detect default resource location for test class [test]: class path resource [testContext.groovy] does not exist
10:22:36.050 [Test worker] INFO org.springframework.test.context.support.AbstractContextLoader - Could not detect default resource locations for test class [test]: no resource found for suffixes {-context.xml, Context.groovy}.
10:22:36.091 [Test worker] DEBUG org.springframework.test.context.support.ActiveProfilesUtils - Could not find an 'annotation declaring class' for annotation type [org.springframework.test.context.ActiveProfiles] and class [test]
10:22:36.192 [Test worker] DEBUG org.springframework.boot.test.context.SpringBootTestContextBootstrapper - @TestExecutionListeners is not present for class [test]: using defaults.
10:22:36.193 [Test worker] INFO org.springframework.boot.test.context.SpringBootTestContextBootstrapper - Loaded default TestExecutionListener class names from location [META-INF/spring.factories]: [org.springframework.boot.test.autoconfigure.restdocs.RestDocsTestExecutionListener, org.springframework.boot.test.autoconfigure.web.client.MockRestServiceServerResetTestExecutionListener, org.springframework.boot.test.autoconfigure.web.servlet.MockMvcPrintOnlyOnFailureTestExecutionListener, org.springframework.boot.test.autoconfigure.web.servlet.WebDriverTestExecutionListener, org.springframework.boot.test.autoconfigure.webservices.client.MockWebServiceServerTestExecutionListener, org.springframework.boot.test.mock.mockito.MockitoTestExecutionListener, org.springframework.boot.test.mock.mockito.ResetMocksTestExecutionListener, org.springframework.test.context.web.ServletTestExecutionListener, org.springframework.test.context.support.DirtiesContextBeforeModesTestExecutionListener, org.springframework.test.context.support.DependencyInjectionTestExecutionListener, org.springframework.test.context.support.DirtiesContextTestExecutionListener, org.springframework.test.context.transaction.TransactionalTestExecutionListener, org.springframework.test.context.jdbc.SqlScriptsTestExecutionListener, org.springframework.test.context.event.EventPublishingTestExecutionListener]
10:22:36.206 [Test worker] INFO org.springframework.boot.test.context.SpringBootTestContextBootstrapper - Using TestExecutionListeners: [org.springframework.test.context.web.ServletTestExecutionListener@41789ad8, org.springframework.test.context.support.DirtiesContextBeforeModesTestExecutionListener@7f23b3b4, org.springframework.boot.test.mock.mockito.MockitoTestExecutionListener@277600ab, org.springframework.boot.test.autoconfigure.SpringBootDependencyInjectionTestExecutionListener@ec205e5, org.springframework.test.context.support.DirtiesContextTestExecutionListener@be9f0bf, org.springframework.test.context.transaction.TransactionalTestExecutionListener@69b54c65, org.springframework.test.context.jdbc.SqlScriptsTestExecutionListener@7ed16aa0, org.springframework.test.context.event.EventPublishingTestExecutionListener@6022a5b2, org.springframework.boot.test.autoconfigure.restdocs.RestDocsTestExecutionListener@248acd01, org.springframework.boot.test.autoconfigure.web.client.MockRestServiceServerResetTestExecutionListener@679f6b91, org.springframework.boot.test.autoconfigure.web.servlet.MockMvcPrintOnlyOnFailureTestExecutionListener@12ee89a8, org.springframework.boot.test.autoconfigure.web.servlet.WebDriverTestExecutionListener@6794a172, org.springframework.boot.test.autoconfigure.webservices.client.MockWebServiceServerTestExecutionListener@15849a44, org.springframework.boot.test.mock.mockito.ResetMocksTestExecutionListener@9dbb886]
10:22:36.209 [Test worker] DEBUG org.springframework.test.context.support.AbstractDirtiesContextTestExecutionListener - Before test class: context [DefaultTestContext@5525c679 testClass = test, testInstance = [null], testMethod = [null], testException = [null], mergedContextConfiguration = [WebMergedContextConfiguration@73a20120 testClass = test, locations = '{}', classes = '{class sun.com.didi.Application, class sun.com.didi.Application}', contextInitializerClasses = '[]', activeProfiles = '{}', propertySourceLocations = '{}', propertySourceProperties = '{org.springframework.boot.test.context.SpringBootTestContextBootstrapper=true}', contextCustomizers = set[org.springframework.boot.test.autoconfigure.properties.PropertyMappingContextCustomizer@0, org.springframework.boot.test.autoconfigure.web.servlet.WebDriverContextCustomizerFactory$Customizer@5fbbafe8, org.springframework.boot.test.context.filter.ExcludeFilterContextCustomizer@5b28933f, org.springframework.boot.test.json.DuplicateJsonObjectContextCustomizerFactory$DuplicateJsonObjectContextCustomizer@6cddf430, org.springframework.boot.test.mock.mockito.MockitoContextCustomizer@0, org.springframework.boot.test.web.client.TestRestTemplateContextCustomizer@7f6fb7d3, org.springframework.boot.test.context.SpringBootTestArgs@1], resourceBasePath = 'src/main/webapp', contextLoader = 'org.springframework.boot.test.context.SpringBootContextLoader', parent = [null]], attributes = map['org.springframework.test.context.web.ServletTestExecutionListener.activateListener' -> true]], class annotated with @DirtiesContext [false] with mode [null].
10:22:36.228 [Test worker] DEBUG org.springframework.test.context.support.TestPropertySourceUtils - Adding inlined properties to environment: {spring.jmx.enabled=false, org.springframework.boot.test.context.SpringBootTestContextBootstrapper=true}

  .   ____          _            __ _ _
 /\\ / ___'_ __ _ _(_)_ __  __ _ \ \ \ \
( ( )\___ | '_ | '_| | '_ \/ _` | \ \ \ \
 \\/  ___)| |_)| | | | | || (_| |  ) ) ) )
  '  |____| .__|_| |_|_| |_\__, | / / / /
 =========|_|==============|___/=/_/_/_/
 :: Spring Boot ::        (v2.3.1.RELEASE)

2022-01-07 10:22:36.484  INFO 67419 --- [    Test worker] test                                     : Starting test on lxj with PID 67419 (started by lxj in /home/lxj/文档/项目/didi/didi-new)
2022-01-07 10:22:36.485  INFO 67419 --- [    Test worker] test                                     : No active profile set, falling back to default profiles: default
2022-01-07 10:22:37.024  INFO 67419 --- [    Test worker] .s.d.r.c.RepositoryConfigurationDelegate : Multiple Spring Data modules found, entering strict repository configuration mode!
2022-01-07 10:22:37.026  INFO 67419 --- [    Test worker] .s.d.r.c.RepositoryConfigurationDelegate : Bootstrapping Spring Data Redis repositories in DEFAULT mode.
2022-01-07 10:22:37.051  INFO 67419 --- [    Test worker] .s.d.r.c.RepositoryConfigurationDelegate : Finished Spring Data repository scanning in 15ms. Found 0 Redis repository interfaces.
2022-01-07 10:22:38.146  INFO 67419 --- [    Test worker] com.zaxxer.hikari.HikariDataSource       : HikariPool-1 - Starting...
2022-01-07 10:22:38.555  INFO 67419 --- [    Test worker] com.zaxxer.hikari.HikariDataSource       : HikariPool-1 - Start completed.
江西制药
222
河北钢铁
222k
天津盛和集团有限公司
20000
京东
搬砖
山东贺平制药
30
天津DIDI打车
1233
腾讯
444
天津xxx
777
天津yyyy
对方是否都是
2022-01-07 10:22:39.212  INFO 67419 --- [    Test worker] o.s.b.a.w.s.WelcomePageHandlerMapping    : Adding welcome page template: index
2022-01-07 10:22:39.842  INFO 67419 --- [    Test worker] test                                     : Started test in 3.607 seconds (JVM running for 4.475)
sun.com.didi.util.LruCacheUtil$Entry@775dcbcc1
null2
null3
sun.com.didi.util.LruCacheUtil$Entry@775dcbcc1
sun.com.didi.util.LruCacheUtil$Entry@6c74affe2
null3
null1
sun.com.didi.util.LruCacheUtil$Entry@6c74affe2
sun.com.didi.util.LruCacheUtil$Entry@331303a03
null
Login{id=0, name='李小军', passwd='23425', email='4545@qq.com', code=null}
Login{id=0, name='李小军', passwd='23425', email='4545@qq.com', code=null}
]]></system-out>
  <system-err><![CDATA[]]></system-err>
</testsuite>
