<?xml version="1.0" encoding="UTF-8"?>
<testsuite name="com.example.didiwork.DidiWorkApplicationTests" tests="1" skipped="0" failures="0" errors="0" timestamp="2021-10-19T12:11:47" hostname="lxj" time="0.522">
  <properties/>
  <testcase name="contextLoads()" classname="com.example.didiwork.DidiWorkApplicationTests" time="0.522"/>
  <system-out><![CDATA[20:11:46.063 [Test worker] DEBUG org.springframework.test.context.BootstrapUtils - Instantiating CacheAwareContextLoaderDelegate from class [org.springframework.test.context.cache.DefaultCacheAwareContextLoaderDelegate]
20:11:46.071 [Test worker] DEBUG org.springframework.test.context.BootstrapUtils - Instantiating BootstrapContext using constructor [public org.springframework.test.context.support.DefaultBootstrapContext(java.lang.Class,org.springframework.test.context.CacheAwareContextLoaderDelegate)]
20:11:46.092 [Test worker] DEBUG org.springframework.test.context.BootstrapUtils - Instantiating TestContextBootstrapper for test class [com.example.didiwork.DidiWorkApplicationTests] from class [org.springframework.boot.test.context.SpringBootTestContextBootstrapper]
20:11:46.101 [Test worker] INFO org.springframework.boot.test.context.SpringBootTestContextBootstrapper - Neither @ContextConfiguration nor @ContextHierarchy found for test class [com.example.didiwork.DidiWorkApplicationTests], using SpringBootContextLoader
20:11:46.104 [Test worker] DEBUG org.springframework.test.context.support.AbstractContextLoader - Did not detect default resource location for test class [com.example.didiwork.DidiWorkApplicationTests]: class path resource [com/example/didiwork/DidiWorkApplicationTests-context.xml] does not exist
20:11:46.104 [Test worker] DEBUG org.springframework.test.context.support.AbstractContextLoader - Did not detect default resource location for test class [com.example.didiwork.DidiWorkApplicationTests]: class path resource [com/example/didiwork/DidiWorkApplicationTestsContext.groovy] does not exist
20:11:46.104 [Test worker] INFO org.springframework.test.context.support.AbstractContextLoader - Could not detect default resource locations for test class [com.example.didiwork.DidiWorkApplicationTests]: no resource found for suffixes {-context.xml, Context.groovy}.
20:11:46.105 [Test worker] INFO org.springframework.test.context.support.AnnotationConfigContextLoaderUtils - Could not detect default configuration classes for test class [com.example.didiwork.DidiWorkApplicationTests]: DidiWorkApplicationTests does not declare any static, non-private, non-final, nested classes annotated with @Configuration.
20:11:46.129 [Test worker] DEBUG org.springframework.test.context.support.ActiveProfilesUtils - Could not find an 'annotation declaring class' for annotation type [org.springframework.test.context.ActiveProfiles] and class [com.example.didiwork.DidiWorkApplicationTests]
20:11:46.174 [Test worker] DEBUG org.springframework.context.annotation.ClassPathScanningCandidateComponentProvider - Identified candidate component class: file [/home/lxj/文档/项目/didi/didi-new/didi-work/build/classes/java/main/com/example/didiwork/DidiWorkApplication.class]
20:11:46.174 [Test worker] INFO org.springframework.boot.test.context.SpringBootTestContextBootstrapper - Found @SpringBootConfiguration com.example.didiwork.DidiWorkApplication for test class com.example.didiwork.DidiWorkApplicationTests
20:11:46.239 [Test worker] DEBUG org.springframework.boot.test.context.SpringBootTestContextBootstrapper - @TestExecutionListeners is not present for class [com.example.didiwork.DidiWorkApplicationTests]: using defaults.
20:11:46.239 [Test worker] INFO org.springframework.boot.test.context.SpringBootTestContextBootstrapper - Loaded default TestExecutionListener class names from location [META-INF/spring.factories]: [org.springframework.boot.test.autoconfigure.restdocs.RestDocsTestExecutionListener, org.springframework.boot.test.autoconfigure.web.client.MockRestServiceServerResetTestExecutionListener, org.springframework.boot.test.autoconfigure.web.servlet.MockMvcPrintOnlyOnFailureTestExecutionListener, org.springframework.boot.test.autoconfigure.web.servlet.WebDriverTestExecutionListener, org.springframework.boot.test.autoconfigure.webservices.client.MockWebServiceServerTestExecutionListener, org.springframework.boot.test.mock.mockito.MockitoTestExecutionListener, org.springframework.boot.test.mock.mockito.ResetMocksTestExecutionListener, org.springframework.test.context.web.ServletTestExecutionListener, org.springframework.test.context.support.DirtiesContextBeforeModesTestExecutionListener, org.springframework.test.context.support.DependencyInjectionTestExecutionListener, org.springframework.test.context.support.DirtiesContextTestExecutionListener, org.springframework.test.context.transaction.TransactionalTestExecutionListener, org.springframework.test.context.jdbc.SqlScriptsTestExecutionListener, org.springframework.test.context.event.EventPublishingTestExecutionListener]
20:11:46.249 [Test worker] INFO org.springframework.boot.test.context.SpringBootTestContextBootstrapper - Using TestExecutionListeners: [org.springframework.test.context.web.ServletTestExecutionListener@6c787789, org.springframework.test.context.support.DirtiesContextBeforeModesTestExecutionListener@71e26c30, org.springframework.boot.test.mock.mockito.MockitoTestExecutionListener@64acc623, org.springframework.boot.test.autoconfigure.SpringBootDependencyInjectionTestExecutionListener@5ddc90a8, org.springframework.test.context.support.DirtiesContextTestExecutionListener@72b760a5, org.springframework.test.context.transaction.TransactionalTestExecutionListener@10d6112f, org.springframework.test.context.jdbc.SqlScriptsTestExecutionListener@124950c8, org.springframework.test.context.event.EventPublishingTestExecutionListener@2ba9dbf9, org.springframework.boot.test.autoconfigure.restdocs.RestDocsTestExecutionListener@62523461, org.springframework.boot.test.autoconfigure.web.client.MockRestServiceServerResetTestExecutionListener@42ad1e6d, org.springframework.boot.test.autoconfigure.web.servlet.MockMvcPrintOnlyOnFailureTestExecutionListener@1a3ac9e0, org.springframework.boot.test.autoconfigure.web.servlet.WebDriverTestExecutionListener@7fa9af4d, org.springframework.boot.test.autoconfigure.webservices.client.MockWebServiceServerTestExecutionListener@c2b7de5, org.springframework.boot.test.mock.mockito.ResetMocksTestExecutionListener@265f447b]
20:11:46.253 [Test worker] DEBUG org.springframework.test.context.support.AbstractDirtiesContextTestExecutionListener - Before test class: context [DefaultTestContext@359e6611 testClass = DidiWorkApplicationTests, testInstance = [null], testMethod = [null], testException = [null], mergedContextConfiguration = [WebMergedContextConfiguration@4ac8de0 testClass = DidiWorkApplicationTests, locations = '{}', classes = '{class com.example.didiwork.DidiWorkApplication}', contextInitializerClasses = '[]', activeProfiles = '{}', propertySourceLocations = '{}', propertySourceProperties = '{org.springframework.boot.test.context.SpringBootTestContextBootstrapper=true}', contextCustomizers = set[org.springframework.boot.test.autoconfigure.properties.PropertyMappingContextCustomizer@0, org.springframework.boot.test.autoconfigure.web.servlet.WebDriverContextCustomizerFactory$Customizer@29539f75, org.springframework.boot.test.context.filter.ExcludeFilterContextCustomizer@64f2fb3, org.springframework.boot.test.json.DuplicateJsonObjectContextCustomizerFactory$DuplicateJsonObjectContextCustomizer@15810f6c, org.springframework.boot.test.mock.mockito.MockitoContextCustomizer@0, org.springframework.boot.test.web.client.TestRestTemplateContextCustomizer@23374677, org.springframework.boot.test.context.SpringBootTestArgs@1], resourceBasePath = 'src/main/webapp', contextLoader = 'org.springframework.boot.test.context.SpringBootContextLoader', parent = [null]], attributes = map['org.springframework.test.context.web.ServletTestExecutionListener.activateListener' -> true]], class annotated with @DirtiesContext [false] with mode [null].
20:11:46.270 [Test worker] DEBUG org.springframework.test.context.support.TestPropertySourceUtils - Adding inlined properties to environment: {spring.jmx.enabled=false, org.springframework.boot.test.context.SpringBootTestContextBootstrapper=true}

  .   ____          _            __ _ _
 /\\ / ___'_ __ _ _(_)_ __  __ _ \ \ \ \
( ( )\___ | '_ | '_| | '_ \/ _` | \ \ \ \
 \\/  ___)| |_)| | | | | || (_| |  ) ) ) )
  '  |____| .__|_| |_|_| |_\__, | / / / /
 =========|_|==============|___/=/_/_/_/
 :: Spring Boot ::        (v2.3.1.RELEASE)

2021-10-19 20:11:46.463  INFO 12961 --- [    Test worker] c.e.didiwork.DidiWorkApplicationTests    : Starting DidiWorkApplicationTests on lxj with PID 12961 (started by lxj in /home/lxj/文档/项目/didi/didi-new/didi-work)
2021-10-19 20:11:46.464  INFO 12961 --- [    Test worker] c.e.didiwork.DidiWorkApplicationTests    : No active profile set, falling back to default profiles: default
2021-10-19 20:11:47.443  INFO 12961 --- [    Test worker] o.s.s.concurrent.ThreadPoolTaskExecutor  : Initializing ExecutorService 'applicationTaskExecutor'
2021-10-19 20:11:47.666  INFO 12961 --- [    Test worker] c.e.didiwork.DidiWorkApplicationTests    : Started DidiWorkApplicationTests in 1.391 seconds (JVM running for 2.11)
2021-10-19 20:11:47.840  INFO 12961 --- [    Test worker] com.zaxxer.hikari.HikariDataSource       : HikariPool-1 - Starting...
2021-10-19 20:11:48.167  INFO 12961 --- [    Test worker] com.zaxxer.hikari.HikariDataSource       : HikariPool-1 - Start completed.
com.example.didiwork.didi.entity.Requirement@1a9bda70
]]></system-out>
  <system-err><![CDATA[]]></system-err>
</testsuite>
